c:\users\janma\desktop\studia\programowanie w środowisku graficznym\presenter\presenter\x64\debug\vc143.pdb
c:\users\janma\desktop\studia\programowanie w środowisku graficznym\presenter\presenter\x64\debug\vc143.idb
c:\users\janma\desktop\studia\programowanie w środowisku graficznym\presenter\presenter\x64\debug\main.obj
c:\users\janma\desktop\studia\programowanie w środowisku graficznym\presenter\presenter\x64\debug\app_presenter.obj
c:\users\janma\desktop\studia\programowanie w środowisku graficznym\presenter\presenter\x64\debug\resource.res
c:\users\janma\desktop\studia\programowanie w środowisku graficznym\presenter\presenter\x64\debug\presenter.ilk
c:\users\janma\desktop\studia\programowanie w środowisku graficznym\presenter\x64\debug\presenter.pdb
c:\users\janma\desktop\studia\programowanie w środowisku graficznym\presenter\presenter\x64\debug\presenter.tlog\cl.command.1.tlog
c:\users\janma\desktop\studia\programowanie w środowisku graficznym\presenter\presenter\x64\debug\presenter.tlog\cl.items.tlog
c:\users\janma\desktop\studia\programowanie w środowisku graficznym\presenter\presenter\x64\debug\presenter.tlog\cl.read.1.tlog
c:\users\janma\desktop\studia\programowanie w środowisku graficznym\presenter\presenter\x64\debug\presenter.tlog\cl.write.1.tlog
c:\users\janma\desktop\studia\programowanie w środowisku graficznym\presenter\presenter\x64\debug\presenter.tlog\link.22948-cvtres.read.1.tlog
c:\users\janma\desktop\studia\programowanie w środowisku graficznym\presenter\presenter\x64\debug\presenter.tlog\link.22948-cvtres.write.1.tlog
c:\users\janma\desktop\studia\programowanie w środowisku graficznym\presenter\presenter\x64\debug\presenter.tlog\link.22948-rc.read.1.tlog
c:\users\janma\desktop\studia\programowanie w środowisku graficznym\presenter\presenter\x64\debug\presenter.tlog\link.22948-rc.write.1.tlog
c:\users\janma\desktop\studia\programowanie w środowisku graficznym\presenter\presenter\x64\debug\presenter.tlog\link.22948.read.1.tlog
c:\users\janma\desktop\studia\programowanie w środowisku graficznym\presenter\presenter\x64\debug\presenter.tlog\link.22948.read.2.tlog
c:\users\janma\desktop\studia\programowanie w środowisku graficznym\presenter\presenter\x64\debug\presenter.tlog\link.22948.write.1.tlog
c:\users\janma\desktop\studia\programowanie w środowisku graficznym\presenter\presenter\x64\debug\presenter.tlog\link.command.1.tlog
c:\users\janma\desktop\studia\programowanie w środowisku graficznym\presenter\presenter\x64\debug\presenter.tlog\link.read.1.tlog
c:\users\janma\desktop\studia\programowanie w środowisku graficznym\presenter\presenter\x64\debug\presenter.tlog\link.secondary.1.tlog
c:\users\janma\desktop\studia\programowanie w środowisku graficznym\presenter\presenter\x64\debug\presenter.tlog\link.write.1.tlog
c:\users\janma\desktop\studia\programowanie w środowisku graficznym\presenter\presenter\x64\debug\presenter.tlog\rc.command.1.tlog
c:\users\janma\desktop\studia\programowanie w środowisku graficznym\presenter\presenter\x64\debug\presenter.tlog\rc.read.1.tlog
c:\users\janma\desktop\studia\programowanie w środowisku graficznym\presenter\presenter\x64\debug\presenter.tlog\rc.write.1.tlog
